<?xml version="1.0" encoding="UTF-8"?>
<!-- Generated by org.testng.reporters.JUnitReportReporter -->
<testsuite hostname="DESKTOP-L7NO5ET" failures="0" tests="1" name="testNGpackage1.ToUnderstandTimeout" time="8.325" errors="0" timestamp="2025-03-04T12:23:38 IST" skipped="0">
  <testcase classname="testNGpackage1.ToUnderstandTimeout" name="launchSelenium" time="8.325"/>
  <system-out/>
</testsuite> <!-- testNGpackage1.ToUnderstandTimeout -->
