<?xml version="1.0" encoding="UTF-8"?>
<!-- Generated by org.testng.reporters.JUnitReportReporter -->
<testsuite hostname="DESKTOP-L7NO5ET" failures="0" tests="1" name="TestNgAnnotations.ToUnderstandAnnotations" time="0.020" errors="0" timestamp="2025-03-07T11:29:22 IST" skipped="0">
  <testcase classname="TestNgAnnotations.ToUnderstandAnnotations" name="test" time="0.020"/>
  <system-out>
    <![CDATA[This is Test Method]]>
  </system-out>
</testsuite> <!-- TestNgAnnotations.ToUnderstandAnnotations -->
