<?xml version="1.0" encoding="UTF-8"?>
<!-- Generated by org.testng.reporters.JUnitReportReporter -->
<testsuite hostname="DESKTOP-L7NO5ET" failures="0" tests="2" name="testNGExecution.LaunchInstagram" time="18.432" errors="0" timestamp="2025-03-05T11:52:12 IST" skipped="0">
  <testcase classname="testNGExecution.LaunchInstagram" name="launchInstagram" time="9.474"/>
  <system-out/>
  <testcase classname="testNGExecution.LaunchInstagram" name="launchInstagram" time="8.958"/>
  <system-out/>
</testsuite> <!-- testNGExecution.LaunchInstagram -->
