<?xml version="1.0" encoding="UTF-8"?>
<!-- Generated by org.testng.reporters.JUnitReportReporter -->
<testsuite hostname="DESKTOP-L7NO5ET" failures="0" tests="5" name="testNGpackage1.ToUnderstandThreadpoolSize" time="90.547" errors="0" timestamp="2025-03-04T11:20:30 IST" skipped="0">
  <testcase classname="testNGpackage1.ToUnderstandThreadpoolSize" name="launchSelenium" time="24.710"/>
  <system-out/>
  <testcase classname="testNGpackage1.ToUnderstandThreadpoolSize" name="launchSelenium" time="27.703"/>
  <system-out/>
  <testcase classname="testNGpackage1.ToUnderstandThreadpoolSize" name="launchSelenium" time="24.460"/>
  <system-out/>
  <testcase classname="testNGpackage1.ToUnderstandThreadpoolSize" name="launchSelenium" time="6.776"/>
  <system-out/>
  <testcase classname="testNGpackage1.ToUnderstandThreadpoolSize" name="launchSelenium" time="6.898"/>
  <system-out/>
</testsuite> <!-- testNGpackage1.ToUnderstandThreadpoolSize -->
