<?xml version="1.0" encoding="UTF-8"?>
<!-- Generated by org.testng.reporters.JUnitReportReporter -->
<testsuite hostname="DESKTOP-L7NO5ET" failures="0" tests="1" name="testNGExecution.LaunchFacebook" time="13.175" errors="0" timestamp="2025-03-05T12:26:39 IST" skipped="0">
  <testcase classname="testNGExecution.LaunchFacebook" name="launcgFacebbok" time="13.175"/>
  <system-out/>
</testsuite> <!-- testNGExecution.LaunchFacebook -->
