<?xml version="1.0" encoding="UTF-8"?>
<!-- Generated by org.testng.reporters.JUnitReportReporter -->
<testsuite hostname="DESKTOP-L7NO5ET" failures="0" tests="2" name="testNGpackage1.ToUnderstandEnable" time="5.737" errors="0" timestamp="2025-03-04T11:39:57 IST" skipped="1">
  <testcase classname="testNGpackage1.ToUnderstandEnable" name="launchSelenium" time="5.737"/>
  <system-out/>
  <testcase classname="testNGpackage1.ToUnderstandEnable" name="launchJavaTPoint">
    <skipped/>
  </testcase> <!-- launchJavaTPoint -->
  <system-out/>
</testsuite> <!-- testNGpackage1.ToUnderstandEnable -->
