<?xml version="1.0" encoding="UTF-8"?>
<!-- Generated by org.testng.reporters.JUnitReportReporter -->
<testsuite hostname="DESKTOP-L7NO5ET" failures="0" tests="1" name="testNGExecution2.RajputanaCustoms" time="12.833" errors="0" timestamp="2025-03-05T12:26:39 IST" skipped="0">
  <testcase classname="testNGExecution2.RajputanaCustoms" name="launchRajputanaCustoms" time="12.833"/>
  <system-out/>
</testsuite> <!-- testNGExecution2.RajputanaCustoms -->
