<?xml version="1.0" encoding="UTF-8"?>
<!-- Generated by org.testng.reporters.JUnitReportReporter -->
<testsuite hostname="DESKTOP-L7NO5ET" failures="0" tests="1" name="testNGExecution2.Parameterization" time="39.988" errors="0" timestamp="2025-03-06T11:40:09 IST" skipped="0">
  <testcase classname="testNGExecution2.Parameterization" name="parameteriseMethod" time="39.988"/>
  <system-out/>
</testsuite> <!-- testNGExecution2.Parameterization -->
