<?xml version="1.0" encoding="UTF-8"?>
<!-- Generated by org.testng.reporters.JUnitReportReporter -->
<testsuite hostname="DESKTOP-L7NO5ET" failures="0" tests="5" name="org.testNGPackage1.ToUnderstandPriorityAttribute" time="0.028" errors="0" timestamp="2025-03-03T12:23:54 IST" skipped="0">
  <testcase classname="org.testNGPackage1.ToUnderstandPriorityAttribute" name="register" time="0.014"/>
  <system-out>
    <![CDATA[This is register method]]>
  </system-out>
  <testcase classname="org.testNGPackage1.ToUnderstandPriorityAttribute" name="login" time="0.003"/>
  <system-out>
    <![CDATA[This is login method]]>
  </system-out>
  <testcase classname="org.testNGPackage1.ToUnderstandPriorityAttribute" name="checkAccountBalance" time="0.006"/>
  <system-out>
    <![CDATA[This is Check Account Balance method]]>
  </system-out>
  <testcase classname="org.testNGPackage1.ToUnderstandPriorityAttribute" name="moneyTransfer" time="0.002"/>
  <system-out>
    <![CDATA[This is Money Transfer method]]>
  </system-out>
  <testcase classname="org.testNGPackage1.ToUnderstandPriorityAttribute" name="logout" time="0.003"/>
  <system-out>
    <![CDATA[This is Logout method]]>
  </system-out>
</testsuite> <!-- org.testNGPackage1.ToUnderstandPriorityAttribute -->
