<?xml version="1.0" encoding="UTF-8"?>
<!-- Generated by org.testng.reporters.JUnitReportReporter -->
<testsuite hostname="DESKTOP-L7NO5ET" failures="0" tests="2" name="testNGExecution.LaunchTwitter" time="23.256" errors="0" timestamp="2025-03-05T11:52:12 IST" skipped="0">
  <testcase classname="testNGExecution.LaunchTwitter" name="launchTwitter" time="11.745"/>
  <system-out/>
  <testcase classname="testNGExecution.LaunchTwitter" name="launchTwitter" time="11.511"/>
  <system-out/>
</testsuite> <!-- testNGExecution.LaunchTwitter -->
