<?xml version="1.0" encoding="UTF-8"?>
<!-- Generated by org.testng.reporters.JUnitReportReporter -->
<testsuite hostname="DESKTOP-L7NO5ET" failures="0" tests="5" name="testNGpackage1.ToUnderstandDependsOnMethods" time="0.027" errors="0" timestamp="2025-03-04T11:54:26 IST" skipped="0">
  <testcase classname="testNGpackage1.ToUnderstandDependsOnMethods" name="login" time="0.003"/>
  <system-out>
    <![CDATA[This is Login Method]]>
  </system-out>
  <testcase classname="testNGpackage1.ToUnderstandDependsOnMethods" name="checkAccountBalance" time="0.003"/>
  <system-out>
    <![CDATA[This is Check Account Balance Method]]>
  </system-out>
  <testcase classname="testNGpackage1.ToUnderstandDependsOnMethods" name="moneyTransfer" time="0.005"/>
  <system-out>
    <![CDATA[This is Money Transfer Method]]>
  </system-out>
  <testcase classname="testNGpackage1.ToUnderstandDependsOnMethods" name="logout" time="0.002"/>
  <system-out>
    <![CDATA[This is Logout Method]]>
  </system-out>
  <testcase classname="testNGpackage1.ToUnderstandDependsOnMethods" name="register" time="0.014"/>
  <system-out>
    <![CDATA[This is Register Method]]>
  </system-out>
</testsuite> <!-- testNGpackage1.ToUnderstandDependsOnMethods -->
