<?xml version="1.0" encoding="UTF-8"?>
<!-- Generated by org.testng.reporters.JUnitReportReporter -->
<testsuite hostname="DESKTOP-L7NO5ET" failures="0" tests="2" name="org.testNGPackage1.Demo" time="0.025" errors="0" timestamp="2025-03-03T11:54:20 IST" skipped="0">
  <testcase classname="org.testNGPackage1.Demo" name="method1" time="0.019"/>
  <system-out>
    <![CDATA[This is testNG method1]]>
  </system-out>
  <testcase classname="org.testNGPackage1.Demo" name="method2" time="0.006"/>
  <system-out>
    <![CDATA[This is testNG method2]]>
  </system-out>
</testsuite> <!-- org.testNGPackage1.Demo -->
